<?xml version="1.0" encoding="UTF-8"?>
<!-- Generated by org.testng.reporters.JUnitReportReporter -->
<testsuite hostname="TOGSL-PD-19" failures="0" tests="1" name="com.newpro01.testCases.TC_LogingTest_001" time="3.457" errors="0" timestamp="2024-09-06T00:43:27 IST" skipped="0">
  <testcase classname="com.newpro01.testCases.TC_LogingTest_001" name="loginTest" time="3.457"/>
  <system-out/>
</testsuite> <!-- com.newpro01.testCases.TC_LogingTest_001 -->
